This is pdfTeX, Version 3.141592653-2.6-1.40.25 (TeX Live 2023) (preloaded format=pdflatex 2023.11.14)  24 FEB 2024 20:25
entering extended mode
 restricted \write18 enabled.
 file:line:error style messages enabled.
 %&-line parsing enabled.
**"/Users/alexis/Cranfield/Small Scall Parallele Programming/assigment/report/425500_Report_Small_SSPP.tex"
(/Users/alexis/Cranfield/Small Scall Parallele Programming/assigment/report/425500_Report_Small_SSPP.tex
LaTeX2e <2022-11-01> patch level 1
L3 programming layer <2023-02-22> (/usr/local/texlive/2023/texmf-dist/tex/latex/base/book.cls
Document Class: book 2022/07/02 v1.4n Standard LaTeX document class
(/usr/local/texlive/2023/texmf-dist/tex/latex/base/bk12.clo
File: bk12.clo 2022/07/02 v1.4n Standard LaTeX file (size option)
)
\c@part=\count185
\c@chapter=\count186
\c@section=\count187
\c@subsection=\count188
\c@subsubsection=\count189
\c@paragraph=\count190
\c@subparagraph=\count191
\c@figure=\count192
\c@table=\count193
\abovecaptionskip=\skip48
\belowcaptionskip=\skip49
\bibindent=\dimen140
) (/usr/local/texlive/2023/texmf-dist/tex/latex/blindtext/blindtext.sty
Package: blindtext 2012/01/06 V2.0 blindtext-Package
 (/usr/local/texlive/2023/texmf-dist/tex/latex/tools/xspace.sty
Package: xspace 2014/10/28 v1.13 Space after command names (DPC,MH)
)
\c@blindtext=\count194
\c@Blindtext=\count195
\c@blind@countparstart=\count196
\blind@countxx=\count197
\blindtext@numBlindtext=\count198
\blind@countyy=\count199
\c@blindlist=\count266
\c@blindlistlevel=\count267
\c@blindlist@level=\count268
\blind@listitem=\count269
\c@blind@listcount=\count270
\c@blind@levelcount=\count271
\blind@mathformula=\count272
\blind@Mathformula=\count273
\c@blind@randomcount=\count274
\c@blind@randommax=\count275
\c@blind@pangramcount=\count276
\c@blind@pangrammax=\count277
) (/usr/local/texlive/2023/texmf-dist/tex/latex/amsmath/amsmath.sty
Package: amsmath 2022/04/08 v2.17n AMS math features
\@mathmargin=\skip50

For additional information on amsmath, use the `?' option.
(/usr/local/texlive/2023/texmf-dist/tex/latex/amsmath/amstext.sty
Package: amstext 2021/08/26 v2.01 AMS text
 (/usr/local/texlive/2023/texmf-dist/tex/latex/amsmath/amsgen.sty
File: amsgen.sty 1999/11/30 v2.0 generic functions
\@emptytoks=\toks16
\ex@=\dimen141
)) (/usr/local/texlive/2023/texmf-dist/tex/latex/amsmath/amsbsy.sty
Package: amsbsy 1999/11/29 v1.2d Bold Symbols
\pmbraise@=\dimen142
) (/usr/local/texlive/2023/texmf-dist/tex/latex/amsmath/amsopn.sty
Package: amsopn 2022/04/08 v2.04 operator names
)
\inf@bad=\count278
LaTeX Info: Redefining \frac on input line 234.
\uproot@=\count279
\leftroot@=\count280
LaTeX Info: Redefining \overline on input line 399.
LaTeX Info: Redefining \colon on input line 410.
\classnum@=\count281
\DOTSCASE@=\count282
LaTeX Info: Redefining \ldots on input line 496.
LaTeX Info: Redefining \dots on input line 499.
LaTeX Info: Redefining \cdots on input line 620.
\Mathstrutbox@=\box51
\strutbox@=\box52
LaTeX Info: Redefining \big on input line 722.
LaTeX Info: Redefining \Big on input line 723.
LaTeX Info: Redefining \bigg on input line 724.
LaTeX Info: Redefining \Bigg on input line 725.
\big@size=\dimen143
LaTeX Font Info:    Redeclaring font encoding OML on input line 743.
LaTeX Font Info:    Redeclaring font encoding OMS on input line 744.
\macc@depth=\count283
LaTeX Info: Redefining \bmod on input line 905.
LaTeX Info: Redefining \pmod on input line 910.
LaTeX Info: Redefining \smash on input line 940.
LaTeX Info: Redefining \relbar on input line 970.
LaTeX Info: Redefining \Relbar on input line 971.
\c@MaxMatrixCols=\count284
\dotsspace@=\muskip16
\c@parentequation=\count285
\dspbrk@lvl=\count286
\tag@help=\toks17
\row@=\count287
\column@=\count288
\maxfields@=\count289
\andhelp@=\toks18
\eqnshift@=\dimen144
\alignsep@=\dimen145
\tagshift@=\dimen146
\tagwidth@=\dimen147
\totwidth@=\dimen148
\lineht@=\dimen149
\@envbody=\toks19
\multlinegap=\skip51
\multlinetaggap=\skip52
\mathdisplay@stack=\toks20
LaTeX Info: Redefining \[ on input line 2953.
LaTeX Info: Redefining \] on input line 2954.
) (/usr/local/texlive/2023/texmf-dist/tex/latex/algorithms/algorithm.sty
Package: algorithm 2009/08/24 v0.1 Document Style `algorithm' - floating environment
 (/usr/local/texlive/2023/texmf-dist/tex/latex/float/float.sty
Package: float 2001/11/08 v1.3d Float enhancements (AL)
\c@float@type=\count290
\float@exts=\toks21
\float@box=\box53
\@float@everytoks=\toks22
\@floatcapt=\box54
) (/usr/local/texlive/2023/texmf-dist/tex/latex/base/ifthen.sty
Package: ifthen 2022/04/13 v1.1d Standard LaTeX ifthen package (DPC)
)
\@float@every@algorithm=\toks23
\c@algorithm=\count291
) (/usr/local/texlive/2023/texmf-dist/tex/latex/algorithmicx/algpseudocode.sty
Package: algpseudocode 
 (/usr/local/texlive/2023/texmf-dist/tex/latex/algorithmicx/algorithmicx.sty
Package: algorithmicx 2005/04/27 v1.2 Algorithmicx

Document Style algorithmicx 1.2 - a greatly improved `algorithmic' style
\c@ALG@line=\count292
\c@ALG@rem=\count293
\c@ALG@nested=\count294
\ALG@tlm=\skip53
\ALG@thistlm=\skip54
\c@ALG@Lnr=\count295
\c@ALG@blocknr=\count296
\c@ALG@storecount=\count297
\c@ALG@tmpcounter=\count298
\ALG@tmplength=\skip55
)
Document Style - pseudocode environments for use with the `algorithmicx' style
) (/usr/local/texlive/2023/texmf-dist/tex/latex/amsfonts/amssymb.sty
Package: amssymb 2013/01/14 v3.01 AMS font symbols
 (/usr/local/texlive/2023/texmf-dist/tex/latex/amsfonts/amsfonts.sty
Package: amsfonts 2013/01/14 v3.01 Basic AMSFonts support
\symAMSa=\mathgroup4
\symAMSb=\mathgroup5
LaTeX Font Info:    Redeclaring math symbol \hbar on input line 98.
LaTeX Font Info:    Overwriting math alphabet `\mathfrak' in version `bold'
(Font)                  U/euf/m/n --> U/euf/b/n on input line 106.
)) (/usr/local/texlive/2023/texmf-dist/tex/latex/mathtools/mathtools.sty
Package: mathtools 2022/06/29 v1.29 mathematical typesetting tools
 (/usr/local/texlive/2023/texmf-dist/tex/latex/graphics/keyval.sty
Package: keyval 2022/05/29 v1.15 key=value parser (DPC)
\KV@toks@=\toks24
) (/usr/local/texlive/2023/texmf-dist/tex/latex/tools/calc.sty
Package: calc 2017/05/25 v4.3 Infix arithmetic (KKT,FJ)
\calc@Acount=\count299
\calc@Bcount=\count300
\calc@Adimen=\dimen150
\calc@Bdimen=\dimen151
\calc@Askip=\skip56
\calc@Bskip=\skip57
LaTeX Info: Redefining \setlength on input line 80.
LaTeX Info: Redefining \addtolength on input line 81.
\calc@Ccount=\count301
\calc@Cskip=\skip58
) (/usr/local/texlive/2023/texmf-dist/tex/latex/mathtools/mhsetup.sty
Package: mhsetup 2021/03/18 v1.4 programming setup (MH)
)
\g_MT_multlinerow_int=\count302
\l_MT_multwidth_dim=\dimen152
\origjot=\skip59
\l_MT_shortvdotswithinadjustabove_dim=\dimen153
\l_MT_shortvdotswithinadjustbelow_dim=\dimen154
\l_MT_above_intertext_sep=\dimen155
\l_MT_below_intertext_sep=\dimen156
\l_MT_above_shortintertext_sep=\dimen157
\l_MT_below_shortintertext_sep=\dimen158
\xmathstrut@box=\box55
\xmathstrut@dim=\dimen159
) (/usr/local/texlive/2023/texmf-dist/tex/latex/adjustbox/adjustbox.sty
Package: adjustbox 2022/10/17 v1.3a Adjusting TeX boxes (trim, clip, ...)
 (/usr/local/texlive/2023/texmf-dist/tex/latex/xkeyval/xkeyval.sty
Package: xkeyval 2022/06/16 v2.9 package option processing (HA)
 (/usr/local/texlive/2023/texmf-dist/tex/generic/xkeyval/xkeyval.tex (/usr/local/texlive/2023/texmf-dist/tex/generic/xkeyval/xkvutils.tex
\XKV@toks=\toks25
\XKV@tempa@toks=\toks26
)
\XKV@depth=\count303
File: xkeyval.tex 2014/12/03 v2.7a key=value parser (HA)
)) (/usr/local/texlive/2023/texmf-dist/tex/latex/adjustbox/adjcalc.sty
Package: adjcalc 2012/05/16 v1.1 Provides advanced setlength with multiple back-ends (calc, etex, pgfmath)
) (/usr/local/texlive/2023/texmf-dist/tex/latex/adjustbox/trimclip.sty
Package: trimclip 2020/08/19 v1.2 Trim and clip general TeX material
 (/usr/local/texlive/2023/texmf-dist/tex/latex/graphics/graphicx.sty
Package: graphicx 2021/09/16 v1.2d Enhanced LaTeX Graphics (DPC,SPQR)
 (/usr/local/texlive/2023/texmf-dist/tex/latex/graphics/graphics.sty
Package: graphics 2022/03/10 v1.4e Standard LaTeX Graphics (DPC,SPQR)
 (/usr/local/texlive/2023/texmf-dist/tex/latex/graphics/trig.sty
Package: trig 2021/08/11 v1.11 sin cos tan (DPC)
) (/usr/local/texlive/2023/texmf-dist/tex/latex/graphics-cfg/graphics.cfg
File: graphics.cfg 2016/06/04 v1.11 sample graphics configuration
)
Package graphics Info: Driver file: pdftex.def on input line 107.
 (/usr/local/texlive/2023/texmf-dist/tex/latex/graphics-def/pdftex.def
File: pdftex.def 2022/09/22 v1.2b Graphics/color driver for pdftex
))
\Gin@req@height=\dimen160
\Gin@req@width=\dimen161
) (/usr/local/texlive/2023/texmf-dist/tex/latex/collectbox/collectbox.sty
Package: collectbox 2022/10/17 v0.4c Collect macro arguments as boxes
\collectedbox=\box56
)
\tc@llx=\dimen162
\tc@lly=\dimen163
\tc@urx=\dimen164
\tc@ury=\dimen165
Package trimclip Info: Using driver 'tc-pdftex.def'.
 (/usr/local/texlive/2023/texmf-dist/tex/latex/adjustbox/tc-pdftex.def
File: tc-pdftex.def 2019/01/04 v2.2 Clipping driver for pdftex
))
\adjbox@Width=\dimen166
\adjbox@Height=\dimen167
\adjbox@Depth=\dimen168
\adjbox@Totalheight=\dimen169
\adjbox@pwidth=\dimen170
\adjbox@pheight=\dimen171
\adjbox@pdepth=\dimen172
\adjbox@ptotalheight=\dimen173
 (/usr/local/texlive/2023/texmf-dist/tex/latex/ifoddpage/ifoddpage.sty
Package: ifoddpage 2022/10/18 v1.2 Conditionals for odd/even page detection
\c@checkoddpage=\count304
) (/usr/local/texlive/2023/texmf-dist/tex/latex/varwidth/varwidth.sty
Package: varwidth 2009/03/30 ver 0.92;  Variable-width minipages
\@vwid@box=\box57
\sift@deathcycles=\count305
\@vwid@loff=\dimen174
\@vwid@roff=\dimen175
)) (/usr/local/texlive/2023/texmf-dist/tex/latex/lipsum/lipsum.sty (/usr/local/texlive/2023/texmf-dist/tex/latex/l3packages/l3keys2e/l3keys2e.sty (/usr/local/texlive/2023/texmf-dist/tex/latex/l3kernel/expl3.sty
Package: expl3 2023-02-22 L3 programming layer (loader) 
 (/usr/local/texlive/2023/texmf-dist/tex/latex/l3backend/l3backend-pdftex.def
File: l3backend-pdftex.def 2023-01-16 L3 backend support: PDF output (pdfTeX)
\l__color_backend_stack_int=\count306
\l__pdf_internal_box=\box58
))
Package: l3keys2e 2023-02-02 LaTeX2e option processing using LaTeX3 keys
)
Package: lipsum 2021-09-20 v2.7 150 paragraphs of Lorem Ipsum dummy text
\g__lipsum_par_int=\count307
\l__lipsum_a_int=\count308
\l__lipsum_b_int=\count309
 (/usr/local/texlive/2023/texmf-dist/tex/latex/lipsum/lipsum.ltd.tex)) (/usr/local/texlive/2023/texmf-dist/tex/latex/booktabs/booktabs.sty
Package: booktabs 2020/01/12 v1.61803398 Publication quality tables
\heavyrulewidth=\dimen176
\lightrulewidth=\dimen177
\cmidrulewidth=\dimen178
\belowrulesep=\dimen179
\belowbottomsep=\dimen180
\aboverulesep=\dimen181
\abovetopsep=\dimen182
\cmidrulesep=\dimen183
\cmidrulekern=\dimen184
\defaultaddspace=\dimen185
\@cmidla=\count310
\@cmidlb=\count311
\@aboverulesep=\dimen186
\@belowrulesep=\dimen187
\@thisruleclass=\count312
\@lastruleclass=\count313
\@thisrulewidth=\dimen188
) (/usr/local/texlive/2023/texmf-dist/tex/latex/tools/longtable.sty
Package: longtable 2021-09-01 v4.17 Multi-page Table package (DPC)
\LTleft=\skip60
\LTright=\skip61
\LTpre=\skip62
\LTpost=\skip63
\LTchunksize=\count314
\LTcapwidth=\dimen189
\LT@head=\box59
\LT@firsthead=\box60
\LT@foot=\box61
\LT@lastfoot=\box62
\LT@gbox=\box63
\LT@cols=\count315
\LT@rows=\count316
\c@LT@tables=\count317
\c@LT@chunks=\count318
\LT@p@ftn=\toks27
) (/usr/local/texlive/2023/texmf-dist/tex/latex/tools/tabularx.sty
Package: tabularx 2020/01/15 v2.11c `tabularx' package (DPC)
 (/usr/local/texlive/2023/texmf-dist/tex/latex/tools/array.sty
Package: array 2022/09/04 v2.5g Tabular extension package (FMi)
\col@sep=\dimen190
\ar@mcellbox=\box64
\extrarowheight=\dimen191
\NC@list=\toks28
\extratabsurround=\skip64
\backup@length=\skip65
\ar@cellbox=\box65
)
\TX@col@width=\dimen192
\TX@old@table=\dimen193
\TX@old@col=\dimen194
\TX@target=\dimen195
\TX@delta=\dimen196
\TX@cols=\count319
\TX@ftn=\toks29
) (/usr/local/texlive/2023/texmf-dist/tex/latex/listings/listings.sty
\lst@mode=\count320
\lst@gtempboxa=\box66
\lst@token=\toks30
\lst@length=\count321
\lst@currlwidth=\dimen197
\lst@column=\count322
\lst@pos=\count323
\lst@lostspace=\dimen198
\lst@width=\dimen199
\lst@newlines=\count324
\lst@lineno=\count325
\lst@maxwidth=\dimen256
 (/usr/local/texlive/2023/texmf-dist/tex/latex/listings/lstmisc.sty
File: lstmisc.sty 2023/02/27 1.9 (Carsten Heinz)
\c@lstnumber=\count326
\lst@skipnumbers=\count327
\lst@framebox=\box67
) (/usr/local/texlive/2023/texmf-dist/tex/latex/listings/listings.cfg
File: listings.cfg 2023/02/27 1.9 listings configuration
))
Package: listings 2023/02/27 1.9 (Carsten Heinz)
 (/usr/local/texlive/2023/texmf-dist/tex/latex/xcolor/xcolor.sty
Package: xcolor 2022/06/12 v2.14 LaTeX color extensions (UK)
 (/usr/local/texlive/2023/texmf-dist/tex/latex/graphics-cfg/color.cfg
File: color.cfg 2016/01/02 v1.6 sample color configuration
)
Package xcolor Info: Driver file: pdftex.def on input line 227.
 (/usr/local/texlive/2023/texmf-dist/tex/latex/graphics/mathcolor.ltx)
Package xcolor Info: Model `cmy' substituted by `cmy0' on input line 1353.
Package xcolor Info: Model `hsb' substituted by `rgb' on input line 1357.
Package xcolor Info: Model `RGB' extended on input line 1369.
Package xcolor Info: Model `HTML' substituted by `rgb' on input line 1371.
Package xcolor Info: Model `Hsb' substituted by `hsb' on input line 1372.
Package xcolor Info: Model `tHsb' substituted by `hsb' on input line 1373.
Package xcolor Info: Model `HSB' substituted by `hsb' on input line 1374.
Package xcolor Info: Model `Gray' substituted by `gray' on input line 1375.
Package xcolor Info: Model `wave' substituted by `hsb' on input line 1376.
) (/usr/local/texlive/2023/texmf-dist/tex/latex/caption/caption.sty
Package: caption 2023/03/12 v3.6j Customizing captions (AR)
 (/usr/local/texlive/2023/texmf-dist/tex/latex/caption/caption3.sty
Package: caption3 2023/03/12 v2.4 caption3 kernel (AR)
\caption@tempdima=\dimen257
\captionmargin=\dimen258
\caption@leftmargin=\dimen259
\caption@rightmargin=\dimen260
\caption@width=\dimen261
\caption@indent=\dimen262
\caption@parindent=\dimen263
\caption@hangindent=\dimen264
Package caption Info: Standard document class detected.
)
\c@caption@flags=\count328
\c@continuedfloat=\count329
Package caption Info: float package is loaded.
Package caption Info: listings package is loaded.
Package caption Info: longtable package is loaded.
 (/usr/local/texlive/2023/texmf-dist/tex/latex/caption/ltcaption.sty
Package: ltcaption 2021/01/08 v1.4c longtable captions (AR)
)) (/usr/local/texlive/2023/texmf-dist/tex/latex/l3packages/xfrac/xfrac.sty (/usr/local/texlive/2023/texmf-dist/tex/latex/base/textcomp.sty
Package: textcomp 2020/02/02 v2.0n Standard LaTeX package
) (/usr/local/texlive/2023/texmf-dist/tex/latex/l3packages/xparse/xparse.sty
Package: xparse 2023-02-02 L3 Experimental document command parser
) (/usr/local/texlive/2023/texmf-dist/tex/latex/l3packages/xtemplate/xtemplate.sty
Package: xtemplate 2023-02-02 L3 Experimental prototype document functions
\l__xtemplate_tmp_dim=\dimen265
\l__xtemplate_tmp_int=\count330
\l__xtemplate_tmp_muskip=\muskip17
\l__xtemplate_tmp_skip=\skip66
)
Package: xfrac 2023-02-02 L3 Experimental split-level fractions
\l__xfrac_slash_box=\box68
\l__xfrac_tmp_box=\box69
\l__xfrac_denominator_bot_sep_dim=\dimen266
\l__xfrac_numerator_bot_sep_dim=\dimen267
\l__xfrac_numerator_top_sep_dim=\dimen268
\l__xfrac_slash_left_sep_dim=\dimen269
\l__xfrac_slash_right_sep_dim=\dimen270
\l__xfrac_slash_left_muskip=\muskip18
\l__xfrac_slash_right_muskip=\muskip19

Package xtemplate Info: Declaring object type 'xfrac' taking 3 argument(s) on
(xtemplate)             line 80.

) (/usr/local/texlive/2023/texmf-dist/tex/latex/tools/indentfirst.sty
Package: indentfirst 1995/11/23 v1.03 Indent first paragraph (DPC)
) (/usr/local/texlive/2023/texmf-dist/tex/latex/caption/subcaption.sty
Package: subcaption 2023/02/19 v1.6 Sub-captions (AR)
Package caption Info: New subtype `subfigure' on input line 239.
\c@subfigure=\count331
Package caption Info: New subtype `subtable' on input line 239.
\c@subtable=\count332
) (/usr/local/texlive/2023/texmf-dist/tex/latex/geometry/geometry.sty
Package: geometry 2020/01/02 v5.9 Page Geometry
 (/usr/local/texlive/2023/texmf-dist/tex/generic/iftex/ifvtex.sty
Package: ifvtex 2019/10/25 v1.7 ifvtex legacy package. Use iftex instead.
 (/usr/local/texlive/2023/texmf-dist/tex/generic/iftex/iftex.sty
Package: iftex 2022/02/03 v1.0f TeX engine tests
))
\Gm@cnth=\count333
\Gm@cntv=\count334
\c@Gm@tempcnt=\count335
\Gm@bindingoffset=\dimen271
\Gm@wd@mp=\dimen272
\Gm@odd@mp=\dimen273
\Gm@even@mp=\dimen274
\Gm@layoutwidth=\dimen275
\Gm@layoutheight=\dimen276
\Gm@layouthoffset=\dimen277
\Gm@layoutvoffset=\dimen278
\Gm@dimlist=\toks31
) (./cranfieldthesis.sty
Package: cranfieldthesis 2023/05/31 Shaun Forth's update of Daniel Auger's unofficial Cranfield thesis .sty file

cranfieldthesis.sty - unofficial Cranfield thesis style file.
 This file was prepared by Daniel Auger to help students wanting to use LaTeX.
 It does not have `official' endorsement, but it will probably be fine.
 The author is not able to offer support individual users, but if you are
 using LaTeX, you will probably not run into any problems you can't fix
 yourself.
 File was updated by Shaun Forth to permit easy use of CDS as a school, associate supervisors
(/usr/local/texlive/2023/texmf-dist/tex/latex/tocbibind/tocbibind.sty
Package: tocbibind 2010/10/13 v1.5k extra ToC listings
Package tocbibind Info: The document has chapter divisions on input line 50.


Package tocbibind Note: Using chapter style headings, unless overridden.

) (/usr/local/texlive/2023/texmf-dist/tex/latex/psnfss/mathptmx.sty
Package: mathptmx 2020/03/25 PSNFSS-v9.3 Times w/ Math, improved (SPQR, WaS) 
LaTeX Font Info:    Redeclaring symbol font `operators' on input line 28.
LaTeX Font Info:    Overwriting symbol font `operators' in version `normal'
(Font)                  OT1/cmr/m/n --> OT1/ztmcm/m/n on input line 28.
LaTeX Font Info:    Overwriting symbol font `operators' in version `bold'
(Font)                  OT1/cmr/bx/n --> OT1/ztmcm/m/n on input line 28.
LaTeX Font Info:    Redeclaring symbol font `letters' on input line 29.
LaTeX Font Info:    Overwriting symbol font `letters' in version `normal'
(Font)                  OML/cmm/m/it --> OML/ztmcm/m/it on input line 29.
LaTeX Font Info:    Overwriting symbol font `letters' in version `bold'
(Font)                  OML/cmm/b/it --> OML/ztmcm/m/it on input line 29.
LaTeX Font Info:    Redeclaring symbol font `symbols' on input line 30.
LaTeX Font Info:    Overwriting symbol font `symbols' in version `normal'
(Font)                  OMS/cmsy/m/n --> OMS/ztmcm/m/n on input line 30.
LaTeX Font Info:    Overwriting symbol font `symbols' in version `bold'
(Font)                  OMS/cmsy/b/n --> OMS/ztmcm/m/n on input line 30.
LaTeX Font Info:    Redeclaring symbol font `largesymbols' on input line 31.
LaTeX Font Info:    Overwriting symbol font `largesymbols' in version `normal'
(Font)                  OMX/cmex/m/n --> OMX/ztmcm/m/n on input line 31.
LaTeX Font Info:    Overwriting symbol font `largesymbols' in version `bold'
(Font)                  OMX/cmex/m/n --> OMX/ztmcm/m/n on input line 31.
\symbold=\mathgroup6
\symitalic=\mathgroup7
LaTeX Font Info:    Redeclaring math alphabet \mathbf on input line 34.
LaTeX Font Info:    Overwriting math alphabet `\mathbf' in version `normal'
(Font)                  OT1/cmr/bx/n --> OT1/ptm/bx/n on input line 34.
LaTeX Font Info:    Overwriting math alphabet `\mathbf' in version `bold'
(Font)                  OT1/cmr/bx/n --> OT1/ptm/bx/n on input line 34.
LaTeX Font Info:    Redeclaring math alphabet \mathit on input line 35.
LaTeX Font Info:    Overwriting math alphabet `\mathit' in version `normal'
(Font)                  OT1/cmr/m/it --> OT1/ptm/m/it on input line 35.
LaTeX Font Info:    Overwriting math alphabet `\mathit' in version `bold'
(Font)                  OT1/cmr/bx/it --> OT1/ptm/m/it on input line 35.
LaTeX Info: Redefining \hbar on input line 50.
) (/usr/local/texlive/2023/texmf-dist/tex/latex/setspace/setspace.sty
Package: setspace 2022/12/04 v6.7b set line spacing
) (/usr/local/texlive/2023/texmf-dist/tex/latex/psnfss/helvet.sty
Package: helvet 2020/03/25 PSNFSS-v9.3 (WaS) 
) (/usr/local/texlive/2023/texmf-dist/tex/latex/url/url.sty
\Urlmuskip=\muskip20
Package: url 2013/09/16  ver 3.4  Verb mode for urls, etc.
) (/usr/local/texlive/2023/texmf-dist/tex/latex/hyperref/hyperref.sty
Package: hyperref 2023-02-07 v7.00v Hypertext links for LaTeX
 (/usr/local/texlive/2023/texmf-dist/tex/generic/ltxcmds/ltxcmds.sty
Package: ltxcmds 2020-05-10 v1.25 LaTeX kernel commands for general use (HO)
) (/usr/local/texlive/2023/texmf-dist/tex/generic/pdftexcmds/pdftexcmds.sty
Package: pdftexcmds 2020-06-27 v0.33 Utility functions of pdfTeX for LuaTeX (HO)
 (/usr/local/texlive/2023/texmf-dist/tex/generic/infwarerr/infwarerr.sty
Package: infwarerr 2019/12/03 v1.5 Providing info/warning/error messages (HO)
)
Package pdftexcmds Info: \pdf@primitive is available.
Package pdftexcmds Info: \pdf@ifprimitive is available.
Package pdftexcmds Info: \pdfdraftmode found.
) (/usr/local/texlive/2023/texmf-dist/tex/latex/kvsetkeys/kvsetkeys.sty
Package: kvsetkeys 2022-10-05 v1.19 Key value parser (HO)
) (/usr/local/texlive/2023/texmf-dist/tex/generic/kvdefinekeys/kvdefinekeys.sty
Package: kvdefinekeys 2019-12-19 v1.6 Define keys (HO)
) (/usr/local/texlive/2023/texmf-dist/tex/generic/pdfescape/pdfescape.sty
Package: pdfescape 2019/12/09 v1.15 Implements pdfTeX's escape features (HO)
) (/usr/local/texlive/2023/texmf-dist/tex/latex/hycolor/hycolor.sty
Package: hycolor 2020-01-27 v1.10 Color options for hyperref/bookmark (HO)
) (/usr/local/texlive/2023/texmf-dist/tex/latex/letltxmacro/letltxmacro.sty
Package: letltxmacro 2019/12/03 v1.6 Let assignment for LaTeX macros (HO)
) (/usr/local/texlive/2023/texmf-dist/tex/latex/auxhook/auxhook.sty
Package: auxhook 2019-12-17 v1.6 Hooks for auxiliary files (HO)
) (/usr/local/texlive/2023/texmf-dist/tex/latex/hyperref/nameref.sty
Package: nameref 2022-05-17 v2.50 Cross-referencing by name of section
 (/usr/local/texlive/2023/texmf-dist/tex/latex/refcount/refcount.sty
Package: refcount 2019/12/15 v3.6 Data extraction from label references (HO)
) (/usr/local/texlive/2023/texmf-dist/tex/generic/gettitlestring/gettitlestring.sty
Package: gettitlestring 2019/12/15 v1.6 Cleanup title references (HO)
 (/usr/local/texlive/2023/texmf-dist/tex/latex/kvoptions/kvoptions.sty
Package: kvoptions 2022-06-15 v3.15 Key value format for package options (HO)
))
\c@section@level=\count336
)
\@linkdim=\dimen279
\Hy@linkcounter=\count337
\Hy@pagecounter=\count338
 (/usr/local/texlive/2023/texmf-dist/tex/latex/hyperref/pd1enc.def
File: pd1enc.def 2023-02-07 v7.00v Hyperref: PDFDocEncoding definition (HO)
Now handling font encoding PD1 ...
... no UTF-8 mapping file for font encoding PD1
) (/usr/local/texlive/2023/texmf-dist/tex/generic/intcalc/intcalc.sty
Package: intcalc 2019/12/15 v1.3 Expandable calculations with integers (HO)
) (/usr/local/texlive/2023/texmf-dist/tex/generic/etexcmds/etexcmds.sty
Package: etexcmds 2019/12/15 v1.7 Avoid name clashes with e-TeX commands (HO)
)
\Hy@SavedSpaceFactor=\count339
 (/usr/local/texlive/2023/texmf-dist/tex/latex/hyperref/puenc.def
File: puenc.def 2023-02-07 v7.00v Hyperref: PDF Unicode definition (HO)
Now handling font encoding PU ...
... no UTF-8 mapping file for font encoding PU
)
Package hyperref Info: Option `bookmarksnumbered' set `true' on input line 4060.
Package hyperref Info: Hyper figures OFF on input line 4177.
Package hyperref Info: Link nesting OFF on input line 4182.
Package hyperref Info: Hyper index ON on input line 4185.
Package hyperref Info: Plain pages OFF on input line 4192.
Package hyperref Info: Backreferencing OFF on input line 4197.
Package hyperref Info: Implicit mode ON; LaTeX internals redefined.
Package hyperref Info: Bookmarks ON on input line 4425.
\c@Hy@tempcnt=\count340
LaTeX Info: Redefining \url on input line 4763.
\XeTeXLinkMargin=\dimen280
 (/usr/local/texlive/2023/texmf-dist/tex/generic/bitset/bitset.sty
Package: bitset 2019/12/09 v1.3 Handle bit-vector datatype (HO)
 (/usr/local/texlive/2023/texmf-dist/tex/generic/bigintcalc/bigintcalc.sty
Package: bigintcalc 2019/12/15 v1.5 Expandable calculations on big integers (HO)
))
\Fld@menulength=\count341
\Field@Width=\dimen281
\Fld@charsize=\dimen282
Package hyperref Info: Hyper figures OFF on input line 6042.
Package hyperref Info: Link nesting OFF on input line 6047.
Package hyperref Info: Hyper index ON on input line 6050.
Package hyperref Info: backreferencing OFF on input line 6057.
Package hyperref Info: Link coloring OFF on input line 6062.
Package hyperref Info: Link coloring with OCG OFF on input line 6067.
Package hyperref Info: PDF/A mode OFF on input line 6072.
 (/usr/local/texlive/2023/texmf-dist/tex/latex/base/atbegshi-ltx.sty
Package: atbegshi-ltx 2021/01/10 v1.0c Emulation of the original atbegshi
package with kernel methods
)
\Hy@abspage=\count342
\c@Item=\count343
\c@Hfootnote=\count344
)
Package hyperref Info: Driver (autodetected): hpdftex.
 (/usr/local/texlive/2023/texmf-dist/tex/latex/hyperref/hpdftex.def
File: hpdftex.def 2023-02-07 v7.00v Hyperref driver for pdfTeX
 (/usr/local/texlive/2023/texmf-dist/tex/latex/base/atveryend-ltx.sty
Package: atveryend-ltx 2020/08/19 v1.0a Emulation of the original atveryend package
with kernel methods
)
\Fld@listcount=\count345
\c@bookmark@seq@number=\count346
 (/usr/local/texlive/2023/texmf-dist/tex/latex/rerunfilecheck/rerunfilecheck.sty
Package: rerunfilecheck 2022-07-10 v1.10 Rerun checks for auxiliary files (HO)
 (/usr/local/texlive/2023/texmf-dist/tex/generic/uniquecounter/uniquecounter.sty
Package: uniquecounter 2019/12/15 v1.4 Provide unlimited unique counter (HO)
)
Package uniquecounter Info: New unique counter `rerunfilecheck' on input line 285.
)
\Hy@SectionHShift=\skip67
) (/usr/local/texlive/2023/texmf-dist/tex/latex/fancyhdr/fancyhdr.sty
Package: fancyhdr 2022/11/09 v4.1 Extensive control of page headers and footers
\f@nch@headwidth=\skip68
\f@nch@O@elh=\skip69
\f@nch@O@erh=\skip70
\f@nch@O@olh=\skip71
\f@nch@O@orh=\skip72
\f@nch@O@elf=\skip73
\f@nch@O@erf=\skip74
\f@nch@O@olf=\skip75
\f@nch@O@orf=\skip76
)) (/usr/local/texlive/2023/texmf-dist/tex/latex/graphics/lscape.sty
Package: lscape 2020/05/28 v3.02 Landscape Pages (DPC)
) (/usr/local/texlive/2023/texmf-dist/tex/latex/appendix/appendix.sty
Package: appendix 2020/02/08 v1.2c extra appendix facilities
\c@@pps=\count347
\c@@ppsavesec=\count348
\c@@ppsaveapp=\count349
) (/usr/local/texlive/2023/texmf-dist/tex/latex/natbib/natbib.sty
Package: natbib 2010/09/13 8.31b (PWD, AO)
\bibhang=\skip77
\bibsep=\skip78
LaTeX Info: Redefining \cite on input line 694.
\c@NAT@ctr=\count350
)
LaTeX Font Info:    Trying to load font information for OT1+ptm on input line 102.
 (/usr/local/texlive/2023/texmf-dist/tex/latex/psnfss/ot1ptm.fd
File: ot1ptm.fd 2001/06/04 font definitions for OT1/ptm.
) (./425500_Report_Small_SSPP.aux)
\openout1 = `425500_Report_Small_SSPP.aux'.

LaTeX Font Info:    Checking defaults for OML/cmm/m/it on input line 102.
LaTeX Font Info:    ... okay on input line 102.
LaTeX Font Info:    Checking defaults for OMS/cmsy/m/n on input line 102.
LaTeX Font Info:    ... okay on input line 102.
LaTeX Font Info:    Checking defaults for OT1/cmr/m/n on input line 102.
LaTeX Font Info:    ... okay on input line 102.
LaTeX Font Info:    Checking defaults for T1/cmr/m/n on input line 102.
LaTeX Font Info:    ... okay on input line 102.
LaTeX Font Info:    Checking defaults for TS1/cmr/m/n on input line 102.
LaTeX Font Info:    ... okay on input line 102.
LaTeX Font Info:    Checking defaults for OMX/cmex/m/n on input line 102.
LaTeX Font Info:    ... okay on input line 102.
LaTeX Font Info:    Checking defaults for U/cmr/m/n on input line 102.
LaTeX Font Info:    ... okay on input line 102.
LaTeX Font Info:    Checking defaults for PD1/pdf/m/n on input line 102.
LaTeX Font Info:    ... okay on input line 102.
LaTeX Font Info:    Checking defaults for PU/pdf/m/n on input line 102.
LaTeX Font Info:    ... okay on input line 102.
 (/usr/local/texlive/2023/texmf-dist/tex/context/base/mkii/supp-pdf.mkii
[Loading MPS to PDF converter (version 2006.09.02).]
\scratchcounter=\count351
\scratchdimen=\dimen283
\scratchbox=\box70
\nofMPsegments=\count352
\nofMParguments=\count353
\everyMPshowfont=\toks32
\MPscratchCnt=\count354
\MPscratchDim=\dimen284
\MPnumerator=\count355
\makeMPintoPDFobject=\count356
\everyMPtoPDFconversion=\toks33
) (/usr/local/texlive/2023/texmf-dist/tex/latex/epstopdf-pkg/epstopdf-base.sty
Package: epstopdf-base 2020-01-24 v2.11 Base part for package epstopdf
 (/usr/local/texlive/2023/texmf-dist/tex/latex/grfext/grfext.sty
Package: grfext 2019/12/03 v1.3 Manage graphics extensions (HO)
)
Package epstopdf-base Info: Redefining graphics rule for `.eps' on input line 485.
Package grfext Info: Graphics extension search list:
(grfext)             [.pdf,.png,.jpg,.mps,.jpeg,.jbig2,.jb2,.PDF,.PNG,.JPG,.JPEG,.JBIG2,.JB2,.eps]
(grfext)             \AppendGraphicsExtensions on input line 504.
 (/usr/local/texlive/2023/texmf-dist/tex/latex/latexconfig/epstopdf-sys.cfg
File: epstopdf-sys.cfg 2010/07/13 v1.3 Configuration of (r)epstopdf for TeX Live
))
\c@lstlisting=\count357
Package caption Info: Begin \AtBeginDocument code.
Package caption Info: hyperref package is loaded.
Package caption Info: End \AtBeginDocument code.

*geometry* driver: auto-detecting
*geometry* detected driver: pdftex
*geometry* verbose mode - [ preamble ] result:
* driver: pdftex
* paper: a4paper
* layout: <same size as paper>
* layoutoffset:(h,v)=(0.0pt,0.0pt)
* modes: 
* h-part:(L,W,R)=(72.26999pt, 452.9679pt, 72.26999pt)
* v-part:(T,H,B)=(72.26999pt, 700.50687pt, 72.26999pt)
* \paperwidth=597.50787pt
* \paperheight=845.04684pt
* \textwidth=426.79135pt
* \textheight=674.33032pt
* \oddsidemargin=13.08827pt
* \evensidemargin=13.08827pt
* \topmargin=-21.78552pt
* \headheight=15.0pt
* \headsep=19.8738pt
* \topskip=12.0pt
* \footskip=30.0pt
* \marginparwidth=47.0pt
* \marginparsep=7.0pt
* \columnsep=10.0pt
* \skip\footins=10.8pt plus 4.0pt minus 2.0pt
* \hoffset=0.0pt
* \voffset=0.0pt
* \mag=1000
* \@twocolumnfalse
* \@twosidefalse
* \@mparswitchfalse
* \@reversemarginfalse
* (1in=72.27pt=25.4mm, 1cm=28.453pt)

Package hyperref Info: Link coloring OFF on input line 102.
(./425500_Report_Small_SSPP.out) (./425500_Report_Small_SSPP.out)
\@outlinefile=\write3
\openout3 = `425500_Report_Small_SSPP.out'.

<CULogo.png, id=48, 125.268pt x 125.268pt>
File: CULogo.png Graphic file (type png)
<use CULogo.png>
Package pdftex.def Info: CULogo.png  used on input line 107.
(pdftex.def)             Requested size: 125.26768pt x 125.26768pt.
LaTeX Font Info:    Trying to load font information for OT1+ztmcm on input line 107.
 (/usr/local/texlive/2023/texmf-dist/tex/latex/psnfss/ot1ztmcm.fd
File: ot1ztmcm.fd 2000/01/03 Fontinst v1.801 font definitions for OT1/ztmcm.
)
LaTeX Font Info:    Trying to load font information for OML+ztmcm on input line 107.
 (/usr/local/texlive/2023/texmf-dist/tex/latex/psnfss/omlztmcm.fd
File: omlztmcm.fd 2000/01/03 Fontinst v1.801 font definitions for OML/ztmcm.
)
LaTeX Font Info:    Trying to load font information for OMS+ztmcm on input line 107.
 (/usr/local/texlive/2023/texmf-dist/tex/latex/psnfss/omsztmcm.fd
File: omsztmcm.fd 2000/01/03 Fontinst v1.801 font definitions for OMS/ztmcm.
)
LaTeX Font Info:    Trying to load font information for OMX+ztmcm on input line 107.
 (/usr/local/texlive/2023/texmf-dist/tex/latex/psnfss/omxztmcm.fd
File: omxztmcm.fd 2000/01/03 Fontinst v1.801 font definitions for OMX/ztmcm.
)
LaTeX Font Info:    Font shape `OT1/ptm/bx/n' in size <17.28> not available
(Font)              Font shape `OT1/ptm/b/n' tried instead on input line 107.
LaTeX Font Info:    Font shape `OT1/ptm/bx/n' in size <12> not available
(Font)              Font shape `OT1/ptm/b/n' tried instead on input line 107.
LaTeX Font Info:    Font shape `OT1/ptm/bx/n' in size <10> not available
(Font)              Font shape `OT1/ptm/b/n' tried instead on input line 107.
 [1



{/usr/local/texlive/2023/texmf-var/fonts/map/pdftex/updmap/pdftex.map}{/usr/local/texlive/2023/texmf-dist/fonts/enc/dvips/base/8r.enc} <./CULogo.png>] [2


] (./425500_Report_Small_SSPP.toc
LaTeX Font Info:    Font shape `OT1/ptm/bx/n' in size <9> not available
(Font)              Font shape `OT1/ptm/b/n' tried instead on input line 7.
LaTeX Font Info:    Font shape `OT1/ptm/bx/n' in size <7> not available
(Font)              Font shape `OT1/ptm/b/n' tried instead on input line 7.
 [3


] [4])
\tf@toc=\write4
\openout4 = `425500_Report_Small_SSPP.toc'.

 [5] (./425500_Report_Small_SSPP.lof)
\tf@lof=\write5
\openout5 = `425500_Report_Small_SSPP.lof'.

 [6


] (./425500_Report_Small_SSPP.lot)
\tf@lot=\write6
\openout6 = `425500_Report_Small_SSPP.lot'.

 [7

]
Chapter 1.
[1


]
Chapter 2.
LaTeX Font Info:    Trying to load font information for TS1+ptm on input line 222.
(/usr/local/texlive/2023/texmf-dist/tex/latex/psnfss/ts1ptm.fd
File: ts1ptm.fd 2001/06/04 font definitions for TS1/ptm.
) [2

] [3]
Package hyperref Info: bookmark level for unknown algorithm defaults to 0 on input line 266.
 [4] [5] [6] [7]
Overfull \hbox (9.31679pt too wide) in paragraph at lines 386--391
[]\OT1/ptm/m/n/12 OpenMP pro-vides a pow-er-ful frame-work for par-al-lelis-ing com-pu-ta-tional tasks in shared-
 []

[8]
Overfull \hbox (2.23944pt too wide) in paragraph at lines 422--423
[]\OT1/ptm/b/n/12 Efficient Work-load Dis-tri-bu-tion: \OT1/ptm/m/n/12 The abil-ity to dy-nam-i-cally sched-ule work among
 []

[9]
Overfull \hbox (11.79207pt too wide) in paragraph at lines 460--461
[]\OT1/ptm/m/it/12 ELLPACK Ker-nel: \OT1/ptm/m/n/12 Sim-i-larly, pro-cesses the ma-trix in ELL-PACK for-mat. Threads
 []

[10] [11]
Overfull \hbox (0.94266pt too wide) in paragraph at lines 512--514
[]\OT1/ptm/m/n/12 Perform matrix-vector mul-ti-pli-ca-tions us-ing both se-quen-tial and par-al-lel al-go-rithms. 
 []

LaTeX Font Info:    Font shape `OT1/cmtt/bx/n' in size <12> not available
(Font)              Font shape `OT1/cmtt/m/n' tried instead on input line 538.
[12]
Overfull \hbox (0.50673pt too wide) in paragraph at lines 549--583
 [][] 
 []


LaTeX Warning: `h' float specifier changed to `ht'.

[13] [14]
Chapter 3.
[15

]
<../results/images/openMP_ChunkSize_CRS.png, id=408, 578.16pt x 578.16pt>
File: ../results/images/openMP_ChunkSize_CRS.png Graphic file (type png)
<use ../results/images/openMP_ChunkSize_CRS.png>
Package pdftex.def Info: ../results/images/openMP_ChunkSize_CRS.png  used on input line 676.
(pdftex.def)             Requested size: 256.07741pt x 256.07619pt.
<../results/images/openMP_ChunkSize_ELLPACK.png, id=409, 578.16pt x 578.16pt>
File: ../results/images/openMP_ChunkSize_ELLPACK.png Graphic file (type png)
<use ../results/images/openMP_ChunkSize_ELLPACK.png>
Package pdftex.def Info: ../results/images/openMP_ChunkSize_ELLPACK.png  used on input line 683.
(pdftex.def)             Requested size: 256.07741pt x 256.07619pt.
 [16 <../results/images/openMP_ChunkSize_CRS.png>]
<../results/images/openMP_Threads_CRS.png, id=417, 578.16pt x 578.16pt>
File: ../results/images/openMP_Threads_CRS.png Graphic file (type png)
<use ../results/images/openMP_Threads_CRS.png>
Package pdftex.def Info: ../results/images/openMP_Threads_CRS.png  used on input line 698.
(pdftex.def)             Requested size: 256.07741pt x 256.07619pt.
 [17 <../results/images/openMP_ChunkSize_ELLPACK.png>]
<../results/images/openMP_Threads_ELLPACK.png, id=423, 578.16pt x 578.16pt>
File: ../results/images/openMP_Threads_ELLPACK.png Graphic file (type png)
<use ../results/images/openMP_Threads_ELLPACK.png>
Package pdftex.def Info: ../results/images/openMP_Threads_ELLPACK.png  used on input line 705.
(pdftex.def)             Requested size: 256.07741pt x 256.07619pt.
 [18 <../results/images/openMP_Threads_CRS.png> <../results/images/openMP_Threads_ELLPACK.png>]
<../results/images/openMP_Performance_k1.png, id=434, 1011.78pt x 722.7pt>
File: ../results/images/openMP_Performance_k1.png Graphic file (type png)
<use ../results/images/openMP_Performance_k1.png>
Package pdftex.def Info: ../results/images/openMP_Performance_k1.png  used on input line 719.
(pdftex.def)             Requested size: 384.1096pt x 274.36418pt.
<../results/images/openMP_Performance_k2.png, id=435, 1011.78pt x 722.7pt>
File: ../results/images/openMP_Performance_k2.png Graphic file (type png)
<use ../results/images/openMP_Performance_k2.png>
Package pdftex.def Info: ../results/images/openMP_Performance_k2.png  used on input line 726.
(pdftex.def)             Requested size: 384.1096pt x 274.36418pt.
 [19 <../results/images/openMP_Performance_k1.png>]
<../results/images/openMP_Performance_k3.png, id=441, 1011.78pt x 722.7pt>
File: ../results/images/openMP_Performance_k3.png Graphic file (type png)
<use ../results/images/openMP_Performance_k3.png>
Package pdftex.def Info: ../results/images/openMP_Performance_k3.png  used on input line 733.
(pdftex.def)             Requested size: 384.1096pt x 274.36418pt.
<../results/images/openMP_Performance_k6.png, id=442, 1011.78pt x 722.7pt>
File: ../results/images/openMP_Performance_k6.png Graphic file (type png)
<use ../results/images/openMP_Performance_k6.png>
Package pdftex.def Info: ../results/images/openMP_Performance_k6.png  used on input line 740.
(pdftex.def)             Requested size: 384.1096pt x 274.36418pt.
 [20 <../results/images/openMP_Performance_k2.png> <../results/images/openMP_Performance_k3.png>] [21 <../results/images/openMP_Performance_k6.png>]
<../results/images/CUDA_xBlockSize_CRS.png, id=455, 578.16pt x 578.16pt>
File: ../results/images/CUDA_xBlockSize_CRS.png Graphic file (type png)
<use ../results/images/CUDA_xBlockSize_CRS.png>
Package pdftex.def Info: ../results/images/CUDA_xBlockSize_CRS.png  used on input line 817.
(pdftex.def)             Requested size: 256.07741pt x 256.07619pt.
 [22]
<../results/images/CUDA_xBlockSize_ELLPACK.png, id=460, 578.16pt x 578.16pt>
File: ../results/images/CUDA_xBlockSize_ELLPACK.png Graphic file (type png)
<use ../results/images/CUDA_xBlockSize_ELLPACK.png>
Package pdftex.def Info: ../results/images/CUDA_xBlockSize_ELLPACK.png  used on input line 824.
(pdftex.def)             Requested size: 256.07741pt x 256.07619pt.
<../results/images/CUDA_yBlockSize_CRS.png, id=461, 578.16pt x 578.16pt>
File: ../results/images/CUDA_yBlockSize_CRS.png Graphic file (type png)
<use ../results/images/CUDA_yBlockSize_CRS.png>
Package pdftex.def Info: ../results/images/CUDA_yBlockSize_CRS.png  used on input line 833.
(pdftex.def)             Requested size: 256.07741pt x 256.07619pt.
 [23 <../results/images/CUDA_xBlockSize_CRS.png> <../results/images/CUDA_xBlockSize_ELLPACK.png>]
<../results/images/CUDA_yBlockSize_ELLPACK.png, id=468, 578.16pt x 578.16pt>
File: ../results/images/CUDA_yBlockSize_ELLPACK.png Graphic file (type png)
<use ../results/images/CUDA_yBlockSize_ELLPACK.png>
Package pdftex.def Info: ../results/images/CUDA_yBlockSize_ELLPACK.png  used on input line 840.
(pdftex.def)             Requested size: 256.07741pt x 256.07619pt.
<../results/images/CUDA_Performance_k1.png, id=469, 1011.78pt x 722.7pt>
File: ../results/images/CUDA_Performance_k1.png Graphic file (type png)
<use ../results/images/CUDA_Performance_k1.png>
Package pdftex.def Info: ../results/images/CUDA_Performance_k1.png  used on input line 849.
(pdftex.def)             Requested size: 384.1096pt x 274.36418pt.
 [24 <../results/images/CUDA_yBlockSize_CRS.png> <../results/images/CUDA_yBlockSize_ELLPACK.png>]
<../results/images/CUDA_Performance_k2.png, id=477, 1011.78pt x 722.7pt>
File: ../results/images/CUDA_Performance_k2.png Graphic file (type png)
<use ../results/images/CUDA_Performance_k2.png>
Package pdftex.def Info: ../results/images/CUDA_Performance_k2.png  used on input line 856.
(pdftex.def)             Requested size: 384.1096pt x 274.36418pt.
<../results/images/CUDA_Performance_k3.png, id=478, 1011.78pt x 722.7pt>
File: ../results/images/CUDA_Performance_k3.png Graphic file (type png)
<use ../results/images/CUDA_Performance_k3.png>
Package pdftex.def Info: ../results/images/CUDA_Performance_k3.png  used on input line 863.
(pdftex.def)             Requested size: 384.1096pt x 274.36418pt.
 [25 <../results/images/CUDA_Performance_k1.png> <../results/images/CUDA_Performance_k2.png>]
<../results/images/CUDA_Performance_k6.png, id=485, 1011.78pt x 722.7pt>
File: ../results/images/CUDA_Performance_k6.png Graphic file (type png)
<use ../results/images/CUDA_Performance_k6.png>
Package pdftex.def Info: ../results/images/CUDA_Performance_k6.png  used on input line 870.
(pdftex.def)             Requested size: 384.1096pt x 274.36418pt.
 [26 <../results/images/CUDA_Performance_k3.png> <../results/images/CUDA_Performance_k6.png>]
<../results/images/OpenMP_vs_CUDA_Performance_k1.png, id=492, 1011.78pt x 722.7pt>
File: ../results/images/OpenMP_vs_CUDA_Performance_k1.png Graphic file (type png)
<use ../results/images/OpenMP_vs_CUDA_Performance_k1.png>
Package pdftex.def Info: ../results/images/OpenMP_vs_CUDA_Performance_k1.png  used on input line 940.
(pdftex.def)             Requested size: 341.43437pt x 243.88417pt.
 [27]
<../results/images/OpenMP_vs_CUDA_Performance_k2.png, id=497, 1011.78pt x 722.7pt>
File: ../results/images/OpenMP_vs_CUDA_Performance_k2.png Graphic file (type png)
<use ../results/images/OpenMP_vs_CUDA_Performance_k2.png>
Package pdftex.def Info: ../results/images/OpenMP_vs_CUDA_Performance_k2.png  used on input line 947.
(pdftex.def)             Requested size: 341.43437pt x 243.88417pt.
<../results/images/OpenMP_vs_CUDA_Performance_k3.png, id=498, 1011.78pt x 722.7pt>
File: ../results/images/OpenMP_vs_CUDA_Performance_k3.png Graphic file (type png)
<use ../results/images/OpenMP_vs_CUDA_Performance_k3.png>
Package pdftex.def Info: ../results/images/OpenMP_vs_CUDA_Performance_k3.png  used on input line 954.
(pdftex.def)             Requested size: 298.75264pt x 213.39314pt.
 [28 <../results/images/OpenMP_vs_CUDA_Performance_k1.png> <../results/images/OpenMP_vs_CUDA_Performance_k2.png>]
<../results/images/OpenMP_vs_CUDA_Performance_k6.png, id=505, 1011.78pt x 722.7pt>
File: ../results/images/OpenMP_vs_CUDA_Performance_k6.png Graphic file (type png)
<use ../results/images/OpenMP_vs_CUDA_Performance_k6.png>
Package pdftex.def Info: ../results/images/OpenMP_vs_CUDA_Performance_k6.png  used on input line 961.
(pdftex.def)             Requested size: 298.75264pt x 213.39314pt.

Overfull \hbox (5.02553pt too wide) in alignment at lines 967--973
 [] [] [] [] [] [] 
 []


Overfull \hbox (5.02553pt too wide) in alignment at lines 973--977
 [] [] [] [] [] [] 
 []


Overfull \hbox (5.02553pt too wide) in alignment at lines 977--979
 [] [] [] [] [] [] 
 []


Overfull \hbox (5.02553pt too wide) in alignment at lines 979--1010
 [] [] [] [] [] [] 
 []

[29 <../results/images/OpenMP_vs_CUDA_Performance_k3.png> <../results/images/OpenMP_vs_CUDA_Performance_k6.png>] [30]
Chapter 4.
(./425500_Report_Small_SSPP.bbl [31

]) [32

]
Appendix A.
[33

]
Underfull \hbox (badness 10000) in paragraph at lines 1125--1126

 []


Underfull \hbox (badness 10000) in paragraph at lines 1134--1135

 []


Underfull \hbox (badness 10000) in paragraph at lines 1146--1147

 []


Underfull \hbox (badness 10000) in paragraph at lines 1155--1156

 []

[34]
Underfull \hbox (badness 10000) in paragraph at lines 1166--1167

 []


Overfull \hbox (12.50809pt too wide) in paragraph at lines 1178--1179
[]\OT1/ptm/b/n/12 Description: \OT1/ptm/m/n/12 Per-form the matrix-vector mul-ti-pli-ca-tion in the CRS for-mat us-ing OpenMP 
 []


Underfull \hbox (badness 10000) in paragraph at lines 1178--1179

 []


Overfull \hbox (2.69229pt too wide) in paragraph at lines 1192--1193
[]\OT1/ptm/b/n/12 Description: \OT1/ptm/m/n/12 Per-form the matrix-vector mul-ti-pli-ca-tion in the CRS for-mat us-ing CUDA 
 []


Underfull \hbox (badness 10000) in paragraph at lines 1192--1193

 []

[35]
Underfull \hbox (badness 10000) in paragraph at lines 1206--1207

 []


Underfull \hbox (badness 10000) in paragraph at lines 1218--1219

 []


Underfull \hbox (badness 10000) in paragraph at lines 1232--1233

 []

[36] [37]
Appendix B.
(/usr/local/texlive/2023/texmf-dist/tex/latex/listings/lstlang1.sty
File: lstlang1.sty 2023/02/27 1.9 listings language file
) (/usr/local/texlive/2023/texmf-dist/tex/latex/listings/lstlang1.sty
File: lstlang1.sty 2023/02/27 1.9 listings language file
) (/usr/local/texlive/2023/texmf-dist/tex/latex/listings/lstmisc.sty
File: lstmisc.sty 2023/02/27 1.9 (Carsten Heinz)
)
Package hyperref Info: bookmark level for unknown lstlisting defaults to 0 on input line 1252.
 (../Source Code/MatrixDefinitions.h [38

]) [39] (../Source Code/CRS/matrixMultivectorProductCRS.cpp [40]) (../Source Code/ELLPACK/matrixMultivectorProductELLPACK.cpp [41]) [42] (../Source Code/CRS/matrixMultivectorProductCRSOpenMP.cpp [43]) (../Source Code/ELLPACK/matrixMultivectorProductELLPACKOpenMP.cpp [44]) [45] (../Source Code/CRS/matrixMultivectorProductCRSCUDA.cu [46]
Overfull \hbox (215.42242pt too wide) in paragraph at lines 83--84
[][] 
 []


Overfull \hbox (123.62039pt too wide) in paragraph at lines 86--87
[][] 
 []


Overfull \hbox (149.12096pt too wide) in paragraph at lines 87--88
[][] 
 []


Overfull \hbox (220.52254pt too wide) in paragraph at lines 89--90
[][] 
 []


Overfull \hbox (108.32005pt too wide) in paragraph at lines 90--92
[][] 
 []

[47]) (../Source Code/ELLPACK/matrixMultivectorProductELLPACKCUDA.cu [48] [49]
Overfull \hbox (439.8274pt too wide) in paragraph at lines 83--84
[][] 
 []


Overfull \hbox (179.72163pt too wide) in paragraph at lines 84--85
[][] 
 []


Overfull \hbox (246.0231pt too wide) in paragraph at lines 85--86
[][] 
 []


Overfull \hbox (348.02536pt too wide) in paragraph at lines 87--88
[][] 
 []


Overfull \hbox (373.52592pt too wide) in paragraph at lines 88--89
[][] 
 []


Overfull \hbox (444.9275pt too wide) in paragraph at lines 90--91
[][] 
 []


Overfull \hbox (332.72502pt too wide) in paragraph at lines 91--93
[][] 
 []

[50]) [51] (../Source Code/utils.cpp [52] [53]) [54] (../Source Code/runOpenMP.cpp [55]
Overfull \hbox (128.7205pt too wide) in paragraph at lines 76--77
[][] 
 []


Overfull \hbox (16.51802pt too wide) in paragraph at lines 77--78
[][] 
 []


Overfull \hbox (189.92186pt too wide) in paragraph at lines 82--83
[][] 
 []


Overfull \hbox (57.31892pt too wide) in paragraph at lines 83--84
[][] 
 []

[56]
Overfull \hbox (133.82062pt too wide) in paragraph at lines 92--93
[][] 
 []


Overfull \hbox (317.42468pt too wide) in paragraph at lines 93--94
[][] 
 []


Overfull \hbox (205.2222pt too wide) in paragraph at lines 94--95
[][] 
 []


Overfull \hbox (174.62152pt too wide) in paragraph at lines 98--99
[][] 
 []


Overfull \hbox (378.62604pt too wide) in paragraph at lines 99--100
[][] 
 []


Overfull \hbox (246.0231pt too wide) in paragraph at lines 100--101
[][] 
 []

[57]) (../Source Code/runCuda.cpp [58]
Overfull \hbox (108.32005pt too wide) in paragraph at lines 70--71
[][] 
 []


Overfull \hbox (169.52141pt too wide) in paragraph at lines 76--77
[][] 
 []


Overfull \hbox (36.91847pt too wide) in paragraph at lines 77--78
[][] 
 []

[59]
Overfull \hbox (133.82062pt too wide) in paragraph at lines 89--90
[][] 
 []


Overfull \hbox (317.42468pt too wide) in paragraph at lines 90--91
[][] 
 []


Overfull \hbox (205.2222pt too wide) in paragraph at lines 91--92
[][] 
 []


Overfull \hbox (174.62152pt too wide) in paragraph at lines 95--96
[][] 
 []


Overfull \hbox (378.62604pt too wide) in paragraph at lines 96--97
[][] 
 []


Overfull \hbox (246.0231pt too wide) in paragraph at lines 97--98
[][] 
 []

[60]) [61] (./425500_Report_Small_SSPP.aux)
Package rerunfilecheck Info: File `425500_Report_Small_SSPP.out' has not changed.
(rerunfilecheck)             Checksum: B8CED4BFD157060B6080C094A4B3CC6A;1308.
 ) 
Here is how much of TeX's memory you used:
 20637 strings out of 476025
 346542 string characters out of 5790016
 2409388 words of memory out of 5000000
 39386 multiletter control sequences out of 15000+600000
 550433 words of font info for 111 fonts, out of 8000000 for 9000
 1141 hyphenation exceptions out of 8191
 90i,12n,122p,665b,2491s stack positions out of 10000i,1000n,20000p,200000b,200000s
</usr/local/texlive/2023/texmf-dist/fonts/type1/public/amsfonts/cm/cmex10.pfb></usr/local/texlive/2023/texmf-dist/fonts/type1/public/amsfonts/cm/cmmi10.pfb></usr/local/texlive/2023/texmf-dist/fonts/type1/public/amsfonts/cm/cmr10.pfb></usr/local/texlive/2023/texmf-dist/fonts/type1/public/amsfonts/cm/cmsy10.pfb></usr/local/texlive/2023/texmf-dist/fonts/type1/public/amsfonts/cm/cmtt12.pfb></usr/local/texlive/2023/texmf-dist/fonts/type1/public/amsfonts/cm/cmtt8.pfb></usr/local/texlive/2023/texmf-dist/fonts/type1/urw/times/utmb8a.pfb></usr/local/texlive/2023/texmf-dist/fonts/type1/urw/times/utmr8a.pfb></usr/local/texlive/2023/texmf-dist/fonts/type1/urw/times/utmri8a.pfb>
Output written on 425500_Report_Small_SSPP.pdf (68 pages, 5753472 bytes).
PDF statistics:
 2060 PDF objects out of 2073 (max. 8388607)
 1909 compressed objects within 20 object streams
 1301 named destinations out of 1440 (max. 500000)
 194 words of extra memory for PDF output out of 10000 (max. 10000000)

